{"/Users/miwanoshuntarou/code/front-base/src/assets/js/Action/alert.ts": {"path":"/Users/miwanoshuntarou/code/front-base/src/assets/js/Action/alert.ts","statementMap":{"0":{"start":{"line":1,"column":14},"end":{"line":3,"column":1}},"1":{"start":{"line":2,"column":2},"end":{"line":2,"column":null}},"2":{"start":{"line":5,"column":13},"end":{"line":5,"column":20}},"3":{"start":{"line":7,"column":0},"end":{"line":7,"column":null}},"4":{"start":{"line":9,"column":0},"end":{"line":9,"column":null}}},"fnMap":{"0":{"name":"(anonymous_0)","decl":{"start":{"line":1,"column":14},"end":{"line":1,"column":15}},"loc":{"start":{"line":1,"column":27},"end":{"line":3,"column":1}}}},"branchMap":{},"s":{"0":1,"1":2,"2":1,"3":1,"4":1},"f":{"0":2},"b":{}}
}
